<?xml version="1.0" encoding="UTF-8"?>
<!-- Generated by org.testng.reporters.JUnitXMLReporter -->
<testsuite ignored="0" hostname="SupriyaKole" failures="1" tests="1" name="Test" time="0.16" errors="0" timestamp="2022-07-23T21:38:04 IST">
  <testcase classname="testngDemo.TimeSpinner" name="TimeTest" time="0.041">
    <failure type="java.lang.NullPointerException" message="Cannot invoke &amp;quot;io.appium.java_client.android.AndroidDriver.findElement(org.openqa.selenium.By)&amp;quot; because &amp;quot;this.driver&amp;quot; is null">
      <![CDATA[java.lang.NullPointerException: Cannot invoke "io.appium.java_client.android.AndroidDriver.findElement(org.openqa.selenium.By)" because "this.driver" is null
at testngDemo.TimeSpinner.TimeTest(TimeSpinner.java:40)
at java.base/java.util.ArrayList.forEach(ArrayList.java:1511)
... Removed 31 stack frames]]>
    </failure>
  </testcase> <!-- TimeTest -->
</testsuite> <!-- Test -->
